<?xml version="1.0" encoding="UTF-8"?>
<!-- Generated by org.testng.reporters.JUnitReportReporter -->
<testsuite skipped="0" hostname="Yashwanth-Javvaji1" name="UITests.LoginTests" tests="1" failures="0" timestamp="15 Dec 2022 14:19:01 GMT" time="1.764" errors="0">
  <testcase name="logintests" time="1.764" classname="UITests.LoginTests"/>
</testsuite> <!-- UITests.LoginTests -->
